2026-01-09T12:54:39.055Z - [EMAIL] To: notification_test@test.com | Subject: Welcome to Dr. Kal's Virtual Hospital!
2026-01-09T12:54:39.068Z - [SMS] To: +233555111222 | Body: Welcome to Dr. Kal's Hospital! Your account (pat9011) is ready.
2026-01-09T13:08:11.373Z - [EMAIL] To: notification_test_final@test.com | Subject: Welcome to Dr. Kal's Virtual Hospital!
2026-01-09T13:08:11.378Z - [SMS] To: +233555111222 | Body: Welcome to Dr. Kal's Hospital! Your account (pat1353) is ready.
2026-01-09T13:21:58.280Z - [SMS] To: +233555111222 | Body: Test Direct Message
2026-01-09T13:25:03.129Z - [SMS] To: +233555111222 | Body: your appointment is booked
2026-01-09T13:51:04.801Z - [EMAIL] To: kalestijulius@gmail.com | Subject: Welcome to Dr. Kal's Virtual Hospital!
2026-01-09T13:51:04.804Z - [SMS] To: +233595441825 | Body: Welcome to Dr. Kal's Hospital! Your account (adm4786) is ready.
2026-01-09T13:53:15.401Z - [EMAIL] To: takyinaomi020@gmail.com | Subject: Welcome to Dr. Kal's Virtual Hospital!
2026-01-09T13:53:15.406Z - [SMS] To: +233540509530 | Body: Welcome to Dr. Kal's Hospital! Your account (pat5388) is ready.
2026-01-09T15:23:57.595Z - [EMAIL] To: jfrytol22@gmail.com | Subject: Welcome to Dr. Kal's Virtual Hospital!
2026-01-09T15:23:57.601Z - [SMS] To: +233595441825 | Body: Welcome to Dr. Kal's Hospital! Your account (pat7497) is ready.
2026-01-09T19:11:48.870Z - [EMAIL] To: samuelyeboah@gmail.com | Subject: Welcome to Dr. Kal's Virtual Hospital!
2026-01-09T19:11:48.873Z - [SMS] To: +2330246344188 | Body: Welcome to Dr. Kal's Hospital! Your account (sci8853) is ready.
2026-01-09T19:14:38.236Z - [EMAIL] To: drjulius2024@gmail.com | Subject: Welcome to Dr. Kal's Virtual Hospital!
2026-01-09T19:14:38.240Z - [SMS] To: +2330595441825 | Body: Welcome to Dr. Kal's Hospital! Your account (adm8219) is ready.
2026-01-10T09:39:22.220Z - [EMAIL] To: mavisaraba@gmail.com | Subject: Welcome to Dr. Kal's Virtual Hospital!
2026-01-10T09:39:22.229Z - [SMS] To: +233550797055 | Body: Welcome to Dr. Kal's Hospital! Your account (pat2173) is ready.
2026-01-10T09:49:21.881Z - [EMAIL] To: test@example.com | Subject: Welcome to Dr. Kal's Virtual Hospital!
2026-01-10T09:49:21.888Z - [SMS] To: +233501234567 | Body: Welcome to Dr. Kal's Hospital! Your account (pat1840) is ready.
2026-01-10T10:32:17.425Z - [EMAIL] To: test1768041136920@example.com | Subject: Welcome to Dr. Kal's Virtual Hospital!
2026-01-10T10:32:17.466Z - [SMS] To: +233123456789 | Body: Welcome to Dr. Kal's Hospital! Your account (pat7377) is ready.
2026-01-10T10:33:05.474Z - [EMAIL] To: patient_test@example.com | Subject: Welcome to Dr. Kal's Virtual Hospital!
2026-01-10T10:33:05.537Z - [SMS] To: +233123456789 | Body: Welcome to Dr. Kal's Hospital! Your account (pat5422) is ready.
2026-01-10T11:35:32.013Z - [SMS] To: +233860985057 | Body: come on monday for drugs
2026-01-10T11:35:32.070Z - [SMS] To: +233860985057 | Body: come on monday for drugs
2026-01-11T19:17:58.392Z - [EMAIL] To: adwoa1@gmail.com | Subject: Welcome to Dr. Kal's Virtual Hospital!
2026-01-11T19:17:58.401Z - [SMS] To: +233540509530 | Body: Welcome to Dr. Kal's Hospital! Your account (doc8316) is ready.
2026-01-12T12:08:20.098Z - 📱 [SMS-REEL] ➔ To: 123 | Body: "Test"
2026-01-12T12:26:07.965Z - 📱 [SMS-REEL] ➔ To: N/A | Body: "come to ward 21"
2026-01-12T12:26:08.490Z - 📱 [SMS-REEL] ➔ To: +233326730431 | Body: "[System] Your message to Abena Appiah was successfully delivered."
2026-01-12T12:40:57.819Z - 📱 [SMS-REEL] ➔ To: N/A | Body: "COME TO WARD 1"
2026-01-12T12:40:58.366Z - 📱 [SMS-REEL] ➔ To: +233326730431 | Body: "[System] Your message to Yaw Adom was successfully delivered."
2026-01-12T12:41:38.174Z - 📱 [SMS-REEL] ➔ To: N/A | Body: "[EMERGENCY ALERT] COME TO WARD 1"
2026-01-12T12:41:38.697Z - 📱 [SMS-REEL] ➔ To: +233326730431 | Body: "[System] Your message to Abena Appiah was successfully delivered."
2026-01-13T12:08:14.335Z - 📱 [SMS-REEL] ➔ To: N/A | Body: "Kindly produce lab "
2026-01-13T12:08:14.893Z - 📱 [SMS-REEL] ➔ To: +233326730431 | Body: "[System] Your message to Kojo Boateng was successfully delivered."
2026-01-13T12:47:42.343Z - 📱 [SMS-REEL] ➔ To: undefined | Body: "[EMERGENCY ALERT] Pharmacist Note: dont take alcohol"
2026-01-13T12:47:42.359Z - 📱 [SMS-REEL] ➔ To: undefined | Body: "[EMERGENCY ALERT] Pharmacist Note: dont take alcohol"
2026-01-13T12:47:42.453Z - 📱 [SMS-REEL] ➔ To: undefined | Body: "[EMERGENCY ALERT] Pharmacist Note: dont take alcohol"
2026-01-13T12:47:42.485Z - 📱 [SMS-REEL] ➔ To: undefined | Body: "[EMERGENCY ALERT] Pharmacist Note: dont take alcohol"
2026-01-13T12:47:42.532Z - 📱 [SMS-REEL] ➔ To: undefined | Body: "[EMERGENCY ALERT] Pharmacist Note: dont take alcohol"
2026-01-13T12:47:42.566Z - 📱 [SMS-REEL] ➔ To: undefined | Body: "[EMERGENCY ALERT] Pharmacist Note: dont take alcohol"
2026-01-13T12:47:42.594Z - 📱 [SMS-REEL] ➔ To: undefined | Body: "[EMERGENCY ALERT] Pharmacist Note: dont take alcohol"
2026-01-13T12:47:42.861Z - 📱 [SMS-REEL] ➔ To: +233708225288 | Body: "[System] Your message to Kojo Boateng was successfully delivered."
2026-01-13T12:47:42.871Z - 📱 [SMS-REEL] ➔ To: +233708225288 | Body: "[System] Your message to Kojo Boateng was successfully delivered."
2026-01-13T12:47:42.966Z - 📱 [SMS-REEL] ➔ To: +233708225288 | Body: "[System] Your message to Kojo Boateng was successfully delivered."
2026-01-13T12:47:43.033Z - 📱 [SMS-REEL] ➔ To: +233708225288 | Body: "[System] Your message to Kojo Boateng was successfully delivered."
2026-01-13T12:47:43.040Z - 📱 [SMS-REEL] ➔ To: +233708225288 | Body: "[System] Your message to Kojo Boateng was successfully delivered."
2026-01-13T12:47:43.084Z - 📱 [SMS-REEL] ➔ To: +233708225288 | Body: "[System] Your message to Kojo Boateng was successfully delivered."
2026-01-13T12:47:43.106Z - 📱 [SMS-REEL] ➔ To: +233708225288 | Body: "[System] Your message to Kojo Boateng was successfully delivered."
2026-01-13T12:54:46.360Z - 📱 [SMS-REEL] ➔ To: 0200055478 | Body: "come home"
2026-01-13T12:54:46.874Z - 📱 [SMS-REEL] ➔ To: +233326730431 | Body: "[System] Your message to Yaw Adom was successfully delivered."
2026-01-13T13:58:34.093Z - 📱 [SMS-REEL] ➔ To: N/A | Body: "waiting for fBC"
2026-01-13T13:58:34.607Z - 📱 [SMS-REEL] ➔ To: +233326730431 | Body: "[System] Your message to Kojo Boateng was successfully delivered."
2026-01-13T13:59:11.594Z - 📱 [SMS-REEL] ➔ To: 0244530533 | Body: "[System] Your message to Gunner Steuber was successfully delivered."
2026-01-13T13:59:49.018Z - 📱 [SMS-REEL] ➔ To: 0244530533 | Body: "[System] Your message to Karson Adams was successfully delivered."
2026-01-15T11:03:42.451Z - 📧 [EMAIL-REEL] ➔ To: admin_test_01@example.com | Subject: "Welcome to Dr. Kal's Virtual Hospital!"
2026-01-15T11:03:42.965Z - 📱 [SMS-REEL] ➔ To: +233201234567 | Body: "Welcome to Dr. Kal's Hospital! Your account (adm1613) is ready."
2026-01-15T15:41:16.208Z - 📧 [EMAIL-REEL] ➔ To: brightsarsah160@gmail.com | Subject: "Welcome to Dr. Kal's Virtual Hospital!"
2026-01-15T15:41:16.728Z - 📱 [SMS-REEL] ➔ To: +233599100781 | Body: "Welcome to Dr. Kal's Hospital! Your account (doc5383) is ready."
